<?xml version="1.0" encoding="UTF-8"?>
<!-- Generated by org.testng.reporters.JUnitReportReporter -->
<testsuite hostname="JPNCHL" failures="0" tests="1" name="com.MobileApp.TestScenarios.T01_LocatorStrategiesInAndroid" time="21.875" errors="0" timestamp="2025-10-14T20:51:42 CEST" skipped="0">
  <testcase classname="com.MobileApp.TestScenarios.T01_LocatorStrategiesInAndroid" name="testLocators" time="21.875"/>
</testsuite> <!-- com.MobileApp.TestScenarios.T01_LocatorStrategiesInAndroid -->
