<?xml version="1.0" encoding="UTF-8"?>
<!-- Generated by org.testng.reporters.JUnitReportReporter -->
<testsuite hostname="JPNCHL" failures="0" tests="1" name="com.MobileApp.TestScenarios.T05_SwipeGesture" time="6.183" errors="0" timestamp="2025-10-14T22:37:24 CEST" skipped="0">
  <testcase classname="com.MobileApp.TestScenarios.T05_SwipeGesture" name="testSwipeGesture" time="6.183"/>
</testsuite> <!-- com.MobileApp.TestScenarios.T05_SwipeGesture -->
