<?xml version="1.0" encoding="UTF-8"?>
<!-- Generated by org.testng.reporters.JUnitReportReporter -->
<testsuite hostname="JPNCHL" failures="0" tests="1" name="com.MobileApp.CreateSession.DriverSessionUsingUiAutomator2OptionsClass" time="2.610" errors="0" timestamp="2025-10-13T22:54:18 CEST" skipped="0">
  <testcase classname="com.MobileApp.CreateSession.DriverSessionUsingUiAutomator2OptionsClass" name="createDriverSession" time="2.610"/>
</testsuite> <!-- com.MobileApp.CreateSession.DriverSessionUsingUiAutomator2OptionsClass -->
