<?xml version="1.0" encoding="UTF-8"?>
<!-- Generated by org.testng.reporters.JUnitReportReporter -->
<testsuite hostname="JPNCHL" failures="0" tests="1" name="com.MobileApp.TestScenarios.T03_LongClickGesture" time="11.699" errors="0" timestamp="2025-10-14T23:26:57 CEST" skipped="0">
  <testcase classname="com.MobileApp.TestScenarios.T03_LongClickGesture" name="testLongClickGesture" time="11.699"/>
</testsuite> <!-- com.MobileApp.TestScenarios.T03_LongClickGesture -->
