<?xml version="1.0" encoding="UTF-8"?>
<!-- Generated by org.testng.reporters.JUnitReportReporter -->
<testsuite hostname="JPNCHL" failures="0" tests="1" name="com.MobileApp.TestScenarios.T08_TakeScreenshot" time="7.579" errors="0" timestamp="2025-10-14T23:21:20 CEST" skipped="0">
  <testcase classname="com.MobileApp.TestScenarios.T08_TakeScreenshot" name="testTakeScreenshot" time="7.579"/>
</testsuite> <!-- com.MobileApp.TestScenarios.T08_TakeScreenshot -->
