<?xml version="1.0" encoding="UTF-8"?>
<!-- Generated by org.testng.reporters.JUnitReportReporter -->
<testsuite hostname="JPNCHL" failures="0" tests="1" name="com.MobileApp.TestScenarios.T06_DragAndDrop" time="11.056" errors="0" timestamp="2025-10-14T23:02:49 CEST" skipped="0">
  <testcase classname="com.MobileApp.TestScenarios.T06_DragAndDrop" name="testDragGesture" time="11.056"/>
</testsuite> <!-- com.MobileApp.TestScenarios.T06_DragAndDrop -->
