<?xml version="1.0" encoding="UTF-8"?>
<!-- Generated by org.testng.reporters.JUnitReportReporter -->
<testsuite hostname="JPNCHL" failures="0" tests="1" name="com.MobileApp.CreateSession.DriverSessionUsingDesiredCapabilities" time="4.020" errors="0" timestamp="2025-10-13T22:40:17 CEST" skipped="0">
  <testcase classname="com.MobileApp.CreateSession.DriverSessionUsingDesiredCapabilities" name="testDriverSession" time="4.020"/>
</testsuite> <!-- com.MobileApp.CreateSession.DriverSessionUsingDesiredCapabilities -->
