<?xml version="1.0" encoding="UTF-8"?>
<!-- Generated by org.testng.reporters.JUnitReportReporter -->
<testsuite hostname="JPNCHL" failures="0" tests="1" name="com.MobileApp.TestScenarios.T02_ClickGestureTest" time="3.374" errors="0" timestamp="2025-10-14T21:50:08 CEST" skipped="0">
  <testcase classname="com.MobileApp.TestScenarios.T02_ClickGestureTest" name="testGesture" time="3.374"/>
</testsuite> <!-- com.MobileApp.TestScenarios.T02_ClickGestureTest -->
